19:07:50 **** Incremental Build of configuration Debug for project micro2 ****
make all 
Building file: ../DC_motor.c
Invoking: AVR Compiler
avr-gcc -Wall -g2 -gstabs -O0 -fpack-struct -fshort-enums -ffunction-sections -fdata-sections -std=gnu99 -funsigned-char -funsigned-bitfields -mmcu=atmega32 -DF_CPU=16000000UL -MMD -MP -MF"DC_motor.d" -MT"DC_motor.o" -c -o "DC_motor.o" "../DC_motor.c"
Finished building: ../DC_motor.c
 
Building file: ../LCD.c
Invoking: AVR Compiler
avr-gcc -Wall -g2 -gstabs -O0 -fpack-struct -fshort-enums -ffunction-sections -fdata-sections -std=gnu99 -funsigned-char -funsigned-bitfields -mmcu=atmega32 -DF_CPU=16000000UL -MMD -MP -MF"LCD.d" -MT"LCD.o" -c -o "LCD.o" "../LCD.c"
In file included from ../LCD.c:4:
c:/winavr-20100110/lib/gcc/../../avr/include/util/delay.h:90:3: warning: #warning "Compiler optimizations disabled; functions from <util/delay.h> won't work as designed"
Finished building: ../LCD.c
 
Building file: ../Ledsc.c
Invoking: AVR Compiler
avr-gcc -Wall -g2 -gstabs -O0 -fpack-struct -fshort-enums -ffunction-sections -fdata-sections -std=gnu99 -funsigned-char -funsigned-bitfields -mmcu=atmega32 -DF_CPU=16000000UL -MMD -MP -MF"Ledsc.d" -MT"Ledsc.o" -c -o "Ledsc.o" "../Ledsc.c"
In file included from ../Ledsc.c:7:
c:/winavr-20100110/lib/gcc/../../avr/include/util/delay.h:90:3: warning: #warning "Compiler optimizations disabled; functions from <util/delay.h> won't work as designed"
Finished building: ../Ledsc.c
 
Building file: ../My_GPIO.c
Invoking: AVR Compiler
avr-gcc -Wall -g2 -gstabs -O0 -fpack-struct -fshort-enums -ffunction-sections -fdata-sections -std=gnu99 -funsigned-char -funsigned-bitfields -mmcu=atmega32 -DF_CPU=16000000UL -MMD -MP -MF"My_GPIO.d" -MT"My_GPIO.o" -c -o "My_GPIO.o" "../My_GPIO.c"
Finished building: ../My_GPIO.c
 
Building file: ../PWM.c
Invoking: AVR Compiler
avr-gcc -Wall -g2 -gstabs -O0 -fpack-struct -fshort-enums -ffunction-sections -fdata-sections -std=gnu99 -funsigned-char -funsigned-bitfields -mmcu=atmega32 -DF_CPU=16000000UL -MMD -MP -MF"PWM.d" -MT"PWM.o" -c -o "PWM.o" "../PWM.c"
Finished building: ../PWM.c
 
Building file: ../uart.c
Invoking: AVR Compiler
avr-gcc -Wall -g2 -gstabs -O0 -fpack-struct -fshort-enums -ffunction-sections -fdata-sections -std=gnu99 -funsigned-char -funsigned-bitfields -mmcu=atmega32 -DF_CPU=16000000UL -MMD -MP -MF"uart.d" -MT"uart.o" -c -o "uart.o" "../uart.c"
Finished building: ../uart.c
 
Building target: micro2.elf
Invoking: AVR C Linker
avr-gcc -Wl,-Map,micro2.map -mmcu=atmega32 -o "micro2.elf"  ./DC_motor.o ./LCD.o ./Ledsc.o ./My_GPIO.o ./PWM.o ./uart.o   
Finished building target: micro2.elf
 
Invoking: AVR Create Extended Listing
avr-objdump -h -S micro2.elf  >"micro2.lss"
Finished building: micro2.lss
 
Invoking: Print Size
avr-size --format=avr --mcu=atmega32 micro2.elf
AVR Memory Usage
----------------
Device: atmega32

Program:    8002 bytes (24.4% Full)
(.text + .data + .bootloader)

Data:        122 bytes (6.0% Full)
(.data + .bss + .noinit)


Finished building: sizedummy
 

19:07:52 Build Finished. 0 errors, 2 warnings. (took 1s.793ms)

